<?xml version="1.0" encoding="UTF-8"?>
<!-- Generated by org.testng.reporters.JUnitReportReporter -->
<testsuite hostname="Windows11" failures="0" tests="3" name="testCases.LoginPageTest" time="17.749" errors="0" timestamp="2023-11-06T09:06:40 IST" skipped="0">
  <testcase classname="testCases.LoginPageTest" name="LoginToApplicationTest" time="6.306"/>
  <system-out/>
  <testcase classname="testCases.LoginPageTest" name="verifyURLofApplicationTest" time="5.732"/>
  <system-out/>
  <testcase classname="testCases.LoginPageTest" name="verifyTitleOfApplication" time="5.711"/>
  <system-out/>
</testsuite> <!-- testCases.LoginPageTest -->
