<?xml version="1.0" encoding="UTF-8"?>
<!-- Generated by org.testng.reporters.JUnitReportReporter -->
<testsuite hostname="Windows11" failures="0" tests="6" name="testCases.CartPageTest" time="57.437" errors="0" timestamp="2023-11-06T11:18:48 IST" skipped="0">
  <testcase classname="testCases.CartPageTest" name="verifytitleOfCartPageTest" time="7.668"/>
  <system-out>
    <![CDATA[Title of cart page =Your Cart]]>
  </system-out>
  <testcase classname="testCases.CartPageTest" name="clickCheckOutBtnTest" time="13.903"/>
  <system-out>
    <![CDATA[Url after click on checkout button=https://www.saucedemo.com/checkout-step-one.html]]>
  </system-out>
  <testcase classname="testCases.CartPageTest" name="verifyURLofCartPageTest" time="12.120"/>
  <system-out>
    <![CDATA[URL of cart page =https://www.saucedemo.com/cart.html]]>
  </system-out>
  <testcase classname="testCases.CartPageTest" name="verifyDescriptionTextTest" time="7.383"/>
  <system-out>
    <![CDATA[Text of Description =Description]]>
  </system-out>
  <testcase classname="testCases.CartPageTest" name="clickContinueShoppingBtnTest" time="7.881"/>
  <system-out>
    <![CDATA[Url after click on continue shopping button=https://www.saucedemo.com/inventory.html]]>
  </system-out>
  <testcase classname="testCases.CartPageTest" name="verifyQtyTextTest" time="8.482"/>
  <system-out>
    <![CDATA[Text of qty =QTY]]>
  </system-out>
</testsuite> <!-- testCases.CartPageTest -->
