<?xml version="1.0" encoding="UTF-8"?>
<!-- Generated by org.testng.reporters.JUnitReportReporter -->
<testsuite hostname="Windows11" failures="0" tests="5" name="testCases.VerifyMultipleCredentialsTest" time="31.931" errors="0" timestamp="2023-11-06T11:14:30 IST" skipped="0">
  <testcase classname="testCases.VerifyMultipleCredentialsTest" name="LoginToApplicationWithMultipleDataTest" time="5.333"/>
  <system-out/>
  <testcase classname="testCases.VerifyMultipleCredentialsTest" name="LoginToApplicationWithMultipleDataTest" time="10.356"/>
  <system-out/>
  <testcase classname="testCases.VerifyMultipleCredentialsTest" name="LoginToApplicationWithMultipleDataTest" time="5.413"/>
  <system-out/>
  <testcase classname="testCases.VerifyMultipleCredentialsTest" name="LoginToApplicationWithMultipleDataTest" time="5.466"/>
  <system-out/>
  <testcase classname="testCases.VerifyMultipleCredentialsTest" name="LoginToApplicationWithMultipleDataTest" time="5.363"/>
  <system-out/>
</testsuite> <!-- testCases.VerifyMultipleCredentialsTest -->
