<?xml version="1.0" encoding="UTF-8"?>
<!-- Generated by org.testng.reporters.JUnitReportReporter -->
<testsuite hostname="Windows11" failures="0" tests="6" name="testCases.CheckoutCompleteTest" time="35.258" errors="0" timestamp="2023-11-06T09:06:40 IST" skipped="1">
  <testcase classname="testCases.CheckoutCompleteTest" name="verifyURLofcheckoutCompletePageTest" time="6.814"/>
  <system-out>
    <![CDATA[url after click finish =https://www.saucedemo.com/checkout-complete.html]]>
  </system-out>
  <testcase classname="testCases.CheckoutCompleteTest" name="verifycheckoutCompletePageTitle" time="7.181"/>
  <system-out>
    <![CDATA[title of checkout complete =Checkout: Complete!]]>
  </system-out>
  <testcase classname="testCases.CheckoutCompleteTest" name="verifythankYouMsgTextTest" time="6.924"/>
  <system-out>
    <![CDATA[Thank You msg text =Thank you for your order!]]>
  </system-out>
  <testcase classname="testCases.CheckoutCompleteTest" name="verifyconfirmImgTest" time="6.951"/>
  <system-out>
    <![CDATA[Visiability of confirm Image =true]]>
  </system-out>
  <testcase classname="testCases.CheckoutCompleteTest" name="clickbackHomeBtnTest" time="7.388"/>
  <system-out>
    <![CDATA[url after click back to home =https://www.saucedemo.com/inventory.html]]>
  </system-out>
  <testcase classname="testCases.CheckoutCompleteTest" name="verifyorderDispatchedTextTest">
    <skipped/>
  </testcase> <!-- verifyorderDispatchedTextTest -->
  <system-out/>
</testsuite> <!-- testCases.CheckoutCompleteTest -->
