<?xml version="1.0" encoding="UTF-8"?>
<!-- Generated by org.testng.reporters.JUnitReportReporter -->
<testsuite hostname="Windows11" failures="0" tests="3" name="testCases.LoginPageTest" time="18.099" errors="0" timestamp="2023-11-06T11:15:18 IST" skipped="0">
  <testcase classname="testCases.LoginPageTest" name="LoginToApplicationTest" time="5.938"/>
  <system-out/>
  <testcase classname="testCases.LoginPageTest" name="verifyURLofApplicationTest" time="6.812"/>
  <system-out/>
  <testcase classname="testCases.LoginPageTest" name="verifyTitleOfApplication" time="5.349"/>
  <system-out/>
</testsuite> <!-- testCases.LoginPageTest -->
