<?xml version="1.0" encoding="UTF-8"?>
<!-- Generated by org.testng.reporters.JUnitReportReporter -->
<testsuite hostname="Windows11" failures="0" tests="3" name="testCases.LoginPageTest" time="56.254" errors="0" timestamp="2023-11-18T04:56:02 IST" skipped="0">
  <testcase classname="testCases.LoginPageTest" name="LoginToApplicationTest" time="3.240"/>
  <system-out/>
  <testcase classname="testCases.LoginPageTest" name="verifyTitleOfApplication" time="50.104"/>
  <system-out/>
  <testcase classname="testCases.LoginPageTest" name="verifyURLofApplicationTest" time="2.910"/>
  <system-out/>
</testsuite> <!-- testCases.LoginPageTest -->
