<?xml version="1.0" encoding="UTF-8"?>
<!-- Generated by org.testng.reporters.JUnitReportReporter -->
<testsuite hostname="Windows11" failures="0" tests="5" name="testCases.VerifyMultipleCredentialsTest" time="24.286" errors="0" timestamp="2023-11-07T13:25:44 IST" skipped="0">
  <testcase classname="testCases.VerifyMultipleCredentialsTest" name="LoginToApplicationWithMultipleDataTest" time="8.494"/>
  <system-out/>
  <testcase classname="testCases.VerifyMultipleCredentialsTest" name="LoginToApplicationWithMultipleDataTest" time="5.043"/>
  <system-out/>
  <testcase classname="testCases.VerifyMultipleCredentialsTest" name="LoginToApplicationWithMultipleDataTest" time="3.639"/>
  <system-out/>
  <testcase classname="testCases.VerifyMultipleCredentialsTest" name="LoginToApplicationWithMultipleDataTest" time="3.592"/>
  <system-out/>
  <testcase classname="testCases.VerifyMultipleCredentialsTest" name="LoginToApplicationWithMultipleDataTest" time="3.518"/>
  <system-out/>
</testsuite> <!-- testCases.VerifyMultipleCredentialsTest -->
