<?xml version="1.0" encoding="UTF-8"?>
<!-- Generated by org.testng.reporters.JUnitReportReporter -->
<testsuite hostname="Windows11" failures="0" tests="18" name="testCases.InventoryPageTest" time="103.232" errors="0" timestamp="2023-11-06T11:17:36 IST" skipped="0">
  <testcase classname="testCases.InventoryPageTest" name="vedrifyProductCartLinkTest" time="5.389"/>
  <system-out/>
  <testcase classname="testCases.InventoryPageTest" name="remove2ProductTest" time="9.865"/>
  <system-out>
    <![CDATA[Total count in cart after removing 2 product =4]]>
  </system-out>
  <testcase classname="testCases.InventoryPageTest" name="add6ProductTest" time="6.119"/>
  <system-out>
    <![CDATA[Total Product added in Shopping Cart= 6]]>
  </system-out>
  <testcase classname="testCases.InventoryPageTest" name="verifyAddToCartBtn3Test" time="5.390"/>
  <system-out/>
  <testcase classname="testCases.InventoryPageTest" name="verifyAddToCartBtn4Test" time="5.393"/>
  <system-out/>
  <testcase classname="testCases.InventoryPageTest" name="verifyAddToCartBtn5Test" time="5.433"/>
  <system-out/>
  <testcase classname="testCases.InventoryPageTest" name="verifyFooterTest" time="5.360"/>
  <system-out/>
  <testcase classname="testCases.InventoryPageTest" name="verifylinkedInLogoTest" time="5.359"/>
  <system-out>
    <![CDATA[Visibility of linkedin logo =true]]>
  </system-out>
  <testcase classname="testCases.InventoryPageTest" name="burgerMenuBtnTest" time="5.510"/>
  <system-out/>
  <testcase classname="testCases.InventoryPageTest" name="verifyAddToCartBtn1Test" time="5.444"/>
  <system-out/>
  <testcase classname="testCases.InventoryPageTest" name="verifyAddToCartBtn6Test" time="5.379"/>
  <system-out/>
  <testcase classname="testCases.InventoryPageTest" name="verifyAppLogoTest" time="5.362"/>
  <system-out>
    <![CDATA[Visiability of app logo =true]]>
  </system-out>
  <testcase classname="testCases.InventoryPageTest" name="verifyAddToCartBtn2Test" time="5.355"/>
  <system-out/>
  <testcase classname="testCases.InventoryPageTest" name="verifyProductLableTest" time="5.435"/>
  <system-out>
    <![CDATA[Application Lable =Products]]>
  </system-out>
  <testcase classname="testCases.InventoryPageTest" name="verifyTwitterLogoTest" time="5.428"/>
  <system-out>
    <![CDATA[Visibility of Twitter LOgo =true]]>
  </system-out>
  <testcase classname="testCases.InventoryPageTest" name="verifyinventoryPageUrlTest" time="5.331"/>
  <system-out>
    <![CDATA[url of inventory pagehttps://www.saucedemo.com/inventory.html]]>
  </system-out>
  <testcase classname="testCases.InventoryPageTest" name="verifyProductSortBtnTest" time="6.369"/>
  <system-out/>
  <testcase classname="testCases.InventoryPageTest" name="verifyfacebookLogoTest" time="5.311"/>
  <system-out>
    <![CDATA[Visibility of Facebook logo =true]]>
  </system-out>
</testsuite> <!-- testCases.InventoryPageTest -->
