<?xml version="1.0" encoding="UTF-8"?>
<!-- Generated by org.testng.reporters.JUnitReportReporter -->
<testsuite hostname="Windows11" failures="0" tests="6" name="testCases.CheckoutCompleteTest" time="37.794" errors="0" timestamp="2023-11-06T11:22:31 IST" skipped="0">
  <testcase classname="testCases.CheckoutCompleteTest" name="verifyorderDispatchedTextTest" time="6.052"/>
  <system-out>
    <![CDATA[Order dispatched msg text =Your order has been dispatched, and will arrive just as fast as the pony can get there!]]>
  </system-out>
  <testcase classname="testCases.CheckoutCompleteTest" name="verifyconfirmImgTest" time="6.022"/>
  <system-out>
    <![CDATA[Visiability of confirm Image =true]]>
  </system-out>
  <testcase classname="testCases.CheckoutCompleteTest" name="clickbackHomeBtnTest" time="7.545"/>
  <system-out>
    <![CDATA[url after click back to home =https://www.saucedemo.com/inventory.html]]>
  </system-out>
  <testcase classname="testCases.CheckoutCompleteTest" name="verifycheckoutCompletePageTitle" time="6.041"/>
  <system-out>
    <![CDATA[title of checkout complete =Checkout: Complete!]]>
  </system-out>
  <testcase classname="testCases.CheckoutCompleteTest" name="verifythankYouMsgTextTest" time="6.064"/>
  <system-out>
    <![CDATA[Thank You msg text =Thank you for your order!]]>
  </system-out>
  <testcase classname="testCases.CheckoutCompleteTest" name="verifyURLofcheckoutCompletePageTest" time="6.070"/>
  <system-out>
    <![CDATA[url after click finish =https://www.saucedemo.com/checkout-complete.html]]>
  </system-out>
</testsuite> <!-- testCases.CheckoutCompleteTest -->
