<?xml version="1.0" encoding="UTF-8"?>
<!-- Generated by org.testng.reporters.JUnitReportReporter -->
<testsuite hostname="Windows11" failures="0" tests="7" name="testCases.CheckoutPage1Test" time="21.748" errors="0" timestamp="2023-11-18T05:28:24 IST" skipped="0">
  <testcase classname="testCases.CheckoutPage1Test" name="verifycheckOutPage1TitleTest" time="3.004"/>
  <system-out>
    <![CDATA[title of checkout page 1  =Checkout: Your Information]]>
  </system-out>
  <testcase classname="testCases.CheckoutPage1Test" name="verifyLastNameTextBoxTest" time="3.371"/>
  <system-out/>
  <testcase classname="testCases.CheckoutPage1Test" name="verifyUrlOfCheckOutPage1" time="2.918"/>
  <system-out>
    <![CDATA[Url Of checkout page 1=https://www.saucedemo.com/checkout-step-one.html]]>
  </system-out>
  <testcase classname="testCases.CheckoutPage1Test" name="verifyPostalCodeTextBoxTest" time="2.955"/>
  <system-out/>
  <testcase classname="testCases.CheckoutPage1Test" name="verifyFirstNameTextBoxTest" time="2.948"/>
  <system-out/>
  <testcase classname="testCases.CheckoutPage1Test" name="clickContinueBtnTest" time="3.516"/>
  <system-out>
    <![CDATA[Url of checkout page 2=https://www.saucedemo.com/checkout-step-two.html]]>
  </system-out>
  <testcase classname="testCases.CheckoutPage1Test" name="clickCancelBtnTest" time="3.036"/>
  <system-out>
    <![CDATA[url after cancel=https://www.saucedemo.com/cart.html]]>
  </system-out>
</testsuite> <!-- testCases.CheckoutPage1Test -->
