<?xml version="1.0" encoding="UTF-8"?>
<!-- Generated by org.testng.reporters.JUnitReportReporter -->
<testsuite hostname="Windows11" failures="0" tests="6" name="testCases.CartPageTest" time="73.800" errors="0" timestamp="2023-10-27T08:24:12 IST" skipped="2">
  <testcase classname="testCases.CartPageTest" name="verifyURLofCartPageTest" time="8.390"/>
  <system-out>
    <![CDATA[URL of cart page =https://www.saucedemo.com/cart.html]]>
  </system-out>
  <testcase classname="testCases.CartPageTest" name="verifytitleOfCartPageTest" time="6.440"/>
  <system-out>
    <![CDATA[Title of cart page =Your Cart]]>
  </system-out>
  <testcase classname="testCases.CartPageTest" name="clickCheckOutBtnTest" time="52.208"/>
  <system-out>
    <![CDATA[Url after click on checkout button=https://www.saucedemo.com/checkout-step-one.html]]>
  </system-out>
  <testcase classname="testCases.CartPageTest" name="clickContinueShoppingBtnTest" time="6.762"/>
  <system-out>
    <![CDATA[Url after click on continue shopping button=https://www.saucedemo.com/inventory.html]]>
  </system-out>
  <testcase classname="testCases.CartPageTest" name="verifyDescriptionTextTest">
    <skipped/>
  </testcase> <!-- verifyDescriptionTextTest -->
  <system-out/>
  <testcase classname="testCases.CartPageTest" name="verifyQtyTextTest">
    <skipped/>
  </testcase> <!-- verifyQtyTextTest -->
  <system-out/>
</testsuite> <!-- testCases.CartPageTest -->
