<?xml version="1.0" encoding="UTF-8"?>
<!-- Generated by org.testng.reporters.JUnitReportReporter -->
<testsuite hostname="Windows11" failures="0" tests="18" name="testCases.InventoryPageTest" time="54.612" errors="0" timestamp="2023-11-15T14:29:56 IST" skipped="0">
  <testcase classname="testCases.InventoryPageTest" name="vedrifyProductCartLinkTest" time="2.391"/>
  <system-out/>
  <testcase classname="testCases.InventoryPageTest" name="verifyProductSortBtnTest" time="2.259"/>
  <system-out/>
  <testcase classname="testCases.InventoryPageTest" name="verifyAddToCartBtn1Test" time="2.234"/>
  <system-out/>
  <testcase classname="testCases.InventoryPageTest" name="remove2ProductTest" time="7.131"/>
  <system-out>
    <![CDATA[Total count in cart after removing 2 product =4]]>
  </system-out>
  <testcase classname="testCases.InventoryPageTest" name="burgerMenuBtnTest" time="2.997"/>
  <system-out/>
  <testcase classname="testCases.InventoryPageTest" name="verifyAddToCartBtn6Test" time="2.345"/>
  <system-out/>
  <testcase classname="testCases.InventoryPageTest" name="add6ProductTest" time="4.101"/>
  <system-out>
    <![CDATA[Total Product added in Shopping Cart= 6]]>
  </system-out>
  <testcase classname="testCases.InventoryPageTest" name="verifyAddToCartBtn3Test" time="2.697"/>
  <system-out/>
  <testcase classname="testCases.InventoryPageTest" name="verifyfacebookLogoTest" time="3.109"/>
  <system-out>
    <![CDATA[Visibility of Facebook logo =true]]>
  </system-out>
  <testcase classname="testCases.InventoryPageTest" name="verifylinkedInLogoTest" time="3.768"/>
  <system-out>
    <![CDATA[Visibility of linkedin logo =true]]>
  </system-out>
  <testcase classname="testCases.InventoryPageTest" name="verifyAppLogoTest" time="2.425"/>
  <system-out>
    <![CDATA[Visiability of app logo =true]]>
  </system-out>
  <testcase classname="testCases.InventoryPageTest" name="verifyinventoryPageUrlTest" time="2.377"/>
  <system-out>
    <![CDATA[url of inventory pagehttps://www.saucedemo.com/inventory.html]]>
  </system-out>
  <testcase classname="testCases.InventoryPageTest" name="verifyProductLableTest" time="2.387"/>
  <system-out>
    <![CDATA[Application Lable =Products]]>
  </system-out>
  <testcase classname="testCases.InventoryPageTest" name="verifyAddToCartBtn2Test" time="2.462"/>
  <system-out/>
  <testcase classname="testCases.InventoryPageTest" name="verifyAddToCartBtn5Test" time="2.425"/>
  <system-out/>
  <testcase classname="testCases.InventoryPageTest" name="verifyAddToCartBtn4Test" time="4.584"/>
  <system-out/>
  <testcase classname="testCases.InventoryPageTest" name="verifyTwitterLogoTest" time="2.570"/>
  <system-out>
    <![CDATA[Visibility of Twitter LOgo =true]]>
  </system-out>
  <testcase classname="testCases.InventoryPageTest" name="verifyFooterTest" time="2.350"/>
  <system-out/>
</testsuite> <!-- testCases.InventoryPageTest -->
