<?xml version="1.0" encoding="UTF-8"?>
<!-- Generated by org.testng.reporters.JUnitReportReporter -->
<testsuite hostname="Windows11" failures="0" tests="6" name="testCases.CartPageTest" time="27.673" errors="0" timestamp="2023-11-06T09:06:40 IST" skipped="2">
  <testcase classname="testCases.CartPageTest" name="verifyURLofCartPageTest" time="6.959"/>
  <system-out>
    <![CDATA[URL of cart page =https://www.saucedemo.com/cart.html]]>
  </system-out>
  <testcase classname="testCases.CartPageTest" name="verifytitleOfCartPageTest" time="6.877"/>
  <system-out>
    <![CDATA[Title of cart page =Your Cart]]>
  </system-out>
  <testcase classname="testCases.CartPageTest" name="clickCheckOutBtnTest" time="7.013"/>
  <system-out>
    <![CDATA[Url after click on checkout button=https://www.saucedemo.com/checkout-step-one.html]]>
  </system-out>
  <testcase classname="testCases.CartPageTest" name="clickContinueShoppingBtnTest" time="6.824"/>
  <system-out>
    <![CDATA[Url after click on continue shopping button=https://www.saucedemo.com/inventory.html]]>
  </system-out>
  <testcase classname="testCases.CartPageTest" name="verifyQtyTextTest">
    <skipped/>
  </testcase> <!-- verifyQtyTextTest -->
  <system-out/>
  <testcase classname="testCases.CartPageTest" name="verifyDescriptionTextTest">
    <skipped/>
  </testcase> <!-- verifyDescriptionTextTest -->
  <system-out/>
</testsuite> <!-- testCases.CartPageTest -->
