<?xml version="1.0" encoding="UTF-8"?>
<!-- Generated by org.testng.reporters.JUnitReportReporter -->
<testsuite hostname="Windows11" failures="0" tests="7" name="testCases.CheckoutPage1Test" time="22.370" errors="0" timestamp="2023-10-27T00:31:18 IST" skipped="3">
  <testcase classname="testCases.CheckoutPage1Test" name="verifyUrlOfCheckOutPage1" time="5.474"/>
  <system-out>
    <![CDATA[Url Of checkout page 1=https://www.saucedemo.com/checkout-step-one.html]]>
  </system-out>
  <testcase classname="testCases.CheckoutPage1Test" name="verifycheckOutPage1TitleTest" time="5.551"/>
  <system-out>
    <![CDATA[title of checkout page 1  =Checkout: Your Information]]>
  </system-out>
  <testcase classname="testCases.CheckoutPage1Test" name="clickContinueBtnTest" time="5.825"/>
  <system-out>
    <![CDATA[Url of checkout page 2=https://www.saucedemo.com/checkout-step-two.html]]>
  </system-out>
  <testcase classname="testCases.CheckoutPage1Test" name="clickCancelBtnTest" time="5.520"/>
  <system-out>
    <![CDATA[url after cancel=https://www.saucedemo.com/cart.html]]>
  </system-out>
  <testcase classname="testCases.CheckoutPage1Test" name="verifyPostalCodeTextBoxTest">
    <skipped/>
  </testcase> <!-- verifyPostalCodeTextBoxTest -->
  <system-out/>
  <testcase classname="testCases.CheckoutPage1Test" name="verifyLastNameTextBoxTest">
    <skipped/>
  </testcase> <!-- verifyLastNameTextBoxTest -->
  <system-out/>
  <testcase classname="testCases.CheckoutPage1Test" name="verifyFirstNameTextBoxTest">
    <skipped/>
  </testcase> <!-- verifyFirstNameTextBoxTest -->
  <system-out/>
</testsuite> <!-- testCases.CheckoutPage1Test -->
