<?xml version="1.0" encoding="UTF-8"?>
<!-- Generated by org.testng.reporters.JUnitReportReporter -->
<testsuite hostname="Windows11" failures="0" tests="6" name="testCases.CartPageTest" time="20.302" errors="0" timestamp="2023-11-15T19:45:42 IST" skipped="0">
  <testcase classname="testCases.CartPageTest" name="verifyQtyTextTest" time="3.318"/>
  <system-out>
    <![CDATA[Text of qty =QTY]]>
  </system-out>
  <testcase classname="testCases.CartPageTest" name="clickCheckOutBtnTest" time="3.326"/>
  <system-out>
    <![CDATA[Url after click on checkout button=https://www.saucedemo.com/checkout-step-one.html]]>
  </system-out>
  <testcase classname="testCases.CartPageTest" name="verifyDescriptionTextTest" time="3.381"/>
  <system-out>
    <![CDATA[Text of Description =Description]]>
  </system-out>
  <testcase classname="testCases.CartPageTest" name="verifytitleOfCartPageTest" time="3.124"/>
  <system-out>
    <![CDATA[Title of cart page =Your Cart]]>
  </system-out>
  <testcase classname="testCases.CartPageTest" name="clickContinueShoppingBtnTest" time="3.196"/>
  <system-out>
    <![CDATA[Url after click on continue shopping button=https://www.saucedemo.com/inventory.html]]>
  </system-out>
  <testcase classname="testCases.CartPageTest" name="verifyURLofCartPageTest" time="3.957"/>
  <system-out>
    <![CDATA[URL of cart page =https://www.saucedemo.com/cart.html]]>
  </system-out>
</testsuite> <!-- testCases.CartPageTest -->
