<?xml version="1.0" encoding="UTF-8"?>
<!-- Generated by org.testng.reporters.JUnitReportReporter -->
<testsuite hostname="Windows11" failures="0" tests="18" name="testCases.InventoryPageTest" time="63.922" errors="0" timestamp="2023-11-06T09:06:40 IST" skipped="8">
  <testcase classname="testCases.InventoryPageTest" name="verifyinventoryPageUrlTest" time="5.982"/>
  <system-out>
    <![CDATA[url of inventory pagehttps://www.saucedemo.com/inventory.html]]>
  </system-out>
  <testcase classname="testCases.InventoryPageTest" name="remove2ProductTest" time="10.532"/>
  <system-out>
    <![CDATA[Total count in cart after removing 2 product =4]]>
  </system-out>
  <testcase classname="testCases.InventoryPageTest" name="verifyProductLableTest" time="5.785"/>
  <system-out>
    <![CDATA[Application Lable =Products]]>
  </system-out>
  <testcase classname="testCases.InventoryPageTest" name="verifyfacebookLogoTest" time="5.964"/>
  <system-out>
    <![CDATA[Visibility of Facebook logo =true]]>
  </system-out>
  <testcase classname="testCases.InventoryPageTest" name="verifylinkedInLogoTest" time="5.759"/>
  <system-out>
    <![CDATA[Visibility of linkedin logo =true]]>
  </system-out>
  <testcase classname="testCases.InventoryPageTest" name="verifyAddToCartBtn1Test" time="5.970"/>
  <system-out/>
  <testcase classname="testCases.InventoryPageTest" name="vedrifyProductCartLinkTest" time="6.025"/>
  <system-out/>
  <testcase classname="testCases.InventoryPageTest" name="verifyFooterTest" time="5.828"/>
  <system-out/>
  <testcase classname="testCases.InventoryPageTest" name="burgerMenuBtnTest" time="5.817"/>
  <system-out/>
  <testcase classname="testCases.InventoryPageTest" name="add6ProductTest" time="6.260"/>
  <system-out>
    <![CDATA[Total Product added in Shopping Cart= 6]]>
  </system-out>
  <testcase classname="testCases.InventoryPageTest" name="verifyAppLogoTest">
    <skipped/>
  </testcase> <!-- verifyAppLogoTest -->
  <system-out/>
  <testcase classname="testCases.InventoryPageTest" name="verifyAddToCartBtn5Test">
    <skipped/>
  </testcase> <!-- verifyAddToCartBtn5Test -->
  <system-out/>
  <testcase classname="testCases.InventoryPageTest" name="verifyAddToCartBtn6Test">
    <skipped/>
  </testcase> <!-- verifyAddToCartBtn6Test -->
  <system-out/>
  <testcase classname="testCases.InventoryPageTest" name="verifyAddToCartBtn4Test">
    <skipped/>
  </testcase> <!-- verifyAddToCartBtn4Test -->
  <system-out/>
  <testcase classname="testCases.InventoryPageTest" name="verifyAddToCartBtn2Test">
    <skipped/>
  </testcase> <!-- verifyAddToCartBtn2Test -->
  <system-out/>
  <testcase classname="testCases.InventoryPageTest" name="verifyProductSortBtnTest">
    <skipped/>
  </testcase> <!-- verifyProductSortBtnTest -->
  <system-out/>
  <testcase classname="testCases.InventoryPageTest" name="verifyAddToCartBtn3Test">
    <skipped/>
  </testcase> <!-- verifyAddToCartBtn3Test -->
  <system-out/>
  <testcase classname="testCases.InventoryPageTest" name="verifyTwitterLogoTest">
    <skipped/>
  </testcase> <!-- verifyTwitterLogoTest -->
  <system-out/>
</testsuite> <!-- testCases.InventoryPageTest -->
