<?xml version="1.0" encoding="UTF-8"?>
<!-- Generated by org.testng.reporters.JUnitReportReporter -->
<testsuite hostname="Windows11" failures="0" tests="6" name="testCases.CheckoutCompleteTest" time="19.328" errors="0" timestamp="2023-11-18T05:28:24 IST" skipped="0">
  <testcase classname="testCases.CheckoutCompleteTest" name="verifythankYouMsgTextTest" time="3.239"/>
  <system-out>
    <![CDATA[Thank You msg text =Thank you for your order!]]>
  </system-out>
  <testcase classname="testCases.CheckoutCompleteTest" name="verifyorderDispatchedTextTest" time="3.116"/>
  <system-out>
    <![CDATA[Order dispatched msg text =Your order has been dispatched, and will arrive just as fast as the pony can get there!]]>
  </system-out>
  <testcase classname="testCases.CheckoutCompleteTest" name="verifyconfirmImgTest" time="3.295"/>
  <system-out>
    <![CDATA[Visiability of confirm Image =true]]>
  </system-out>
  <testcase classname="testCases.CheckoutCompleteTest" name="verifyURLofcheckoutCompletePageTest" time="3.162"/>
  <system-out>
    <![CDATA[url after click finish =https://www.saucedemo.com/checkout-complete.html]]>
  </system-out>
  <testcase classname="testCases.CheckoutCompleteTest" name="verifycheckoutCompletePageTitle" time="3.248"/>
  <system-out>
    <![CDATA[title of checkout complete =Checkout: Complete!]]>
  </system-out>
  <testcase classname="testCases.CheckoutCompleteTest" name="clickbackHomeBtnTest" time="3.268"/>
  <system-out>
    <![CDATA[url after click back to home =https://www.saucedemo.com/inventory.html]]>
  </system-out>
</testsuite> <!-- testCases.CheckoutCompleteTest -->
