<?xml version="1.0" encoding="UTF-8"?>
<!-- Generated by org.testng.reporters.JUnitReportReporter -->
<testsuite hostname="Windows11" failures="0" tests="4" name="testCases.CheckoutCompleteTest" time="16.846" errors="0" timestamp="2023-10-27T00:31:18 IST" skipped="1">
  <testcase classname="testCases.CheckoutCompleteTest" name="verifyURLofcheckoutCompletePageTest" time="5.632"/>
  <system-out>
    <![CDATA[url after click finish =https://www.saucedemo.com/checkout-complete.html]]>
  </system-out>
  <testcase classname="testCases.CheckoutCompleteTest" name="verifyconfirmImgTest" time="5.703"/>
  <system-out>
    <![CDATA[Visiability of confirm Image =true]]>
  </system-out>
  <testcase classname="testCases.CheckoutCompleteTest" name="clickbackHomeBtnTest" time="5.511"/>
  <system-out>
    <![CDATA[url after click back to home =https://www.saucedemo.com/inventory.html]]>
  </system-out>
  <testcase classname="testCases.CheckoutCompleteTest" name="verifyorderDispatchedTextTest">
    <skipped/>
  </testcase> <!-- verifyorderDispatchedTextTest -->
  <system-out/>
</testsuite> <!-- testCases.CheckoutCompleteTest -->
