<?xml version="1.0" encoding="UTF-8"?>
<!-- Generated by org.testng.reporters.JUnitReportReporter -->
<testsuite hostname="Windows11" failures="0" tests="3" name="testCases.LoginPageTest" time="65.251" errors="0" timestamp="2023-11-06T16:46:44 IST" skipped="0">
  <testcase classname="testCases.LoginPageTest" name="verifyTitleOfApplication" time="6.099"/>
  <system-out/>
  <testcase classname="testCases.LoginPageTest" name="LoginToApplicationTest" time="53.205"/>
  <system-out/>
  <testcase classname="testCases.LoginPageTest" name="verifyURLofApplicationTest" time="5.947"/>
  <system-out/>
</testsuite> <!-- testCases.LoginPageTest -->
