<?xml version="1.0" encoding="UTF-8"?>
<!-- Generated by org.testng.reporters.JUnitReportReporter -->
<testsuite hostname="Windows11" failures="0" tests="18" name="testCases.InventoryPageTest" time="57.779" errors="0" timestamp="2023-11-15T19:45:42 IST" skipped="0">
  <testcase classname="testCases.InventoryPageTest" name="add6ProductTest" time="3.149"/>
  <system-out>
    <![CDATA[Total Product added in Shopping Cart= 6]]>
  </system-out>
  <testcase classname="testCases.InventoryPageTest" name="verifyTwitterLogoTest" time="3.038"/>
  <system-out>
    <![CDATA[Visibility of Twitter LOgo =true]]>
  </system-out>
  <testcase classname="testCases.InventoryPageTest" name="verifyFooterTest" time="3.299"/>
  <system-out/>
  <testcase classname="testCases.InventoryPageTest" name="verifyProductLableTest" time="3.519"/>
  <system-out>
    <![CDATA[Application Lable =Products]]>
  </system-out>
  <testcase classname="testCases.InventoryPageTest" name="verifyAddToCartBtn4Test" time="2.838"/>
  <system-out/>
  <testcase classname="testCases.InventoryPageTest" name="verifyinventoryPageUrlTest" time="2.685"/>
  <system-out>
    <![CDATA[url of inventory pagehttps://www.saucedemo.com/inventory.html]]>
  </system-out>
  <testcase classname="testCases.InventoryPageTest" name="verifyAddToCartBtn2Test" time="2.800"/>
  <system-out/>
  <testcase classname="testCases.InventoryPageTest" name="verifyAddToCartBtn3Test" time="3.270"/>
  <system-out/>
  <testcase classname="testCases.InventoryPageTest" name="verifyAppLogoTest" time="2.577"/>
  <system-out>
    <![CDATA[Visiability of app logo =true]]>
  </system-out>
  <testcase classname="testCases.InventoryPageTest" name="remove2ProductTest" time="7.491"/>
  <system-out>
    <![CDATA[Total count in cart after removing 2 product =4]]>
  </system-out>
  <testcase classname="testCases.InventoryPageTest" name="verifylinkedInLogoTest" time="2.645"/>
  <system-out>
    <![CDATA[Visibility of linkedin logo =true]]>
  </system-out>
  <testcase classname="testCases.InventoryPageTest" name="verifyfacebookLogoTest" time="2.669"/>
  <system-out>
    <![CDATA[Visibility of Facebook logo =true]]>
  </system-out>
  <testcase classname="testCases.InventoryPageTest" name="verifyProductSortBtnTest" time="3.042"/>
  <system-out/>
  <testcase classname="testCases.InventoryPageTest" name="verifyAddToCartBtn6Test" time="2.792"/>
  <system-out/>
  <testcase classname="testCases.InventoryPageTest" name="verifyAddToCartBtn1Test" time="2.598"/>
  <system-out/>
  <testcase classname="testCases.InventoryPageTest" name="vedrifyProductCartLinkTest" time="3.205"/>
  <system-out/>
  <testcase classname="testCases.InventoryPageTest" name="burgerMenuBtnTest" time="3.194"/>
  <system-out/>
  <testcase classname="testCases.InventoryPageTest" name="verifyAddToCartBtn5Test" time="2.968"/>
  <system-out/>
</testsuite> <!-- testCases.InventoryPageTest -->
