<?xml version="1.0" encoding="UTF-8"?>
<!-- Generated by org.testng.reporters.JUnitReportReporter -->
<testsuite hostname="Windows11" failures="0" tests="7" name="testCases.CheckoutPage1Test" time="59.055" errors="0" timestamp="2023-11-06T11:20:20 IST" skipped="0">
  <testcase classname="testCases.CheckoutPage1Test" name="clickCancelBtnTest" time="21.092"/>
  <system-out>
    <![CDATA[url after cancel=https://www.saucedemo.com/cart.html]]>
  </system-out>
  <testcase classname="testCases.CheckoutPage1Test" name="verifyUrlOfCheckOutPage1" time="8.632"/>
  <system-out>
    <![CDATA[Url Of checkout page 1=https://www.saucedemo.com/checkout-step-one.html]]>
  </system-out>
  <testcase classname="testCases.CheckoutPage1Test" name="clickContinueBtnTest" time="6.015"/>
  <system-out>
    <![CDATA[Url of checkout page 2=https://www.saucedemo.com/checkout-step-two.html]]>
  </system-out>
  <testcase classname="testCases.CheckoutPage1Test" name="verifyFirstNameTextBoxTest" time="5.883"/>
  <system-out/>
  <testcase classname="testCases.CheckoutPage1Test" name="verifyLastNameTextBoxTest" time="5.831"/>
  <system-out/>
  <testcase classname="testCases.CheckoutPage1Test" name="verifyPostalCodeTextBoxTest" time="5.745"/>
  <system-out/>
  <testcase classname="testCases.CheckoutPage1Test" name="verifycheckOutPage1TitleTest" time="5.857"/>
  <system-out>
    <![CDATA[title of checkout page 1  =Checkout: Your Information]]>
  </system-out>
</testsuite> <!-- testCases.CheckoutPage1Test -->
