<?xml version="1.0" encoding="UTF-8"?>
<!-- Generated by org.testng.reporters.JUnitReportReporter -->
<testsuite hostname="Windows11" failures="0" tests="18" name="testCases.InventoryPageTest" time="46.177" errors="0" timestamp="2023-11-18T05:18:11 IST" skipped="0">
  <testcase classname="testCases.InventoryPageTest" name="verifyAddToCartBtn2Test" time="2.412"/>
  <system-out/>
  <testcase classname="testCases.InventoryPageTest" name="remove2ProductTest" time="6.658"/>
  <system-out>
    <![CDATA[Total count in cart after removing 2 product =4]]>
  </system-out>
  <testcase classname="testCases.InventoryPageTest" name="verifyProductLableTest" time="2.262"/>
  <system-out>
    <![CDATA[Application Lable =Products]]>
  </system-out>
  <testcase classname="testCases.InventoryPageTest" name="add6ProductTest" time="2.960"/>
  <system-out>
    <![CDATA[Total Product added in Shopping Cart= 6]]>
  </system-out>
  <testcase classname="testCases.InventoryPageTest" name="burgerMenuBtnTest" time="2.178"/>
  <system-out/>
  <testcase classname="testCases.InventoryPageTest" name="verifyProductSortBtnTest" time="2.143"/>
  <system-out/>
  <testcase classname="testCases.InventoryPageTest" name="verifyFooterTest" time="2.506"/>
  <system-out/>
  <testcase classname="testCases.InventoryPageTest" name="vedrifyProductCartLinkTest" time="2.448"/>
  <system-out/>
  <testcase classname="testCases.InventoryPageTest" name="verifyAddToCartBtn1Test" time="2.075"/>
  <system-out/>
  <testcase classname="testCases.InventoryPageTest" name="verifyAddToCartBtn5Test" time="2.075"/>
  <system-out/>
  <testcase classname="testCases.InventoryPageTest" name="verifyfacebookLogoTest" time="2.119"/>
  <system-out>
    <![CDATA[Visibility of Facebook logo =true]]>
  </system-out>
  <testcase classname="testCases.InventoryPageTest" name="verifyAddToCartBtn4Test" time="2.081"/>
  <system-out/>
  <testcase classname="testCases.InventoryPageTest" name="verifylinkedInLogoTest" time="2.148"/>
  <system-out>
    <![CDATA[Visibility of linkedin logo =true]]>
  </system-out>
  <testcase classname="testCases.InventoryPageTest" name="verifyAddToCartBtn6Test" time="2.042"/>
  <system-out/>
  <testcase classname="testCases.InventoryPageTest" name="verifyAppLogoTest" time="2.147"/>
  <system-out>
    <![CDATA[Visiability of app logo =true]]>
  </system-out>
  <testcase classname="testCases.InventoryPageTest" name="verifyinventoryPageUrlTest" time="2.127"/>
  <system-out>
    <![CDATA[url of inventory pagehttps://www.saucedemo.com/inventory.html]]>
  </system-out>
  <testcase classname="testCases.InventoryPageTest" name="verifyTwitterLogoTest" time="3.720"/>
  <system-out>
    <![CDATA[Visibility of Twitter LOgo =true]]>
  </system-out>
  <testcase classname="testCases.InventoryPageTest" name="verifyAddToCartBtn3Test" time="2.076"/>
  <system-out/>
</testsuite> <!-- testCases.InventoryPageTest -->
