<?xml version="1.0" encoding="UTF-8"?>
<!-- Generated by org.testng.reporters.JUnitReportReporter -->
<testsuite hostname="Windows11" failures="0" tests="18" name="testCases.InventoryPageTest" time="50.147" errors="0" timestamp="2023-11-18T05:28:24 IST" skipped="0">
  <testcase classname="testCases.InventoryPageTest" name="vedrifyProductCartLinkTest" time="2.312"/>
  <system-out/>
  <testcase classname="testCases.InventoryPageTest" name="verifyAddToCartBtn4Test" time="2.389"/>
  <system-out/>
  <testcase classname="testCases.InventoryPageTest" name="verifylinkedInLogoTest" time="2.287"/>
  <system-out>
    <![CDATA[Visibility of linkedin logo =true]]>
  </system-out>
  <testcase classname="testCases.InventoryPageTest" name="verifyAddToCartBtn2Test" time="2.586"/>
  <system-out/>
  <testcase classname="testCases.InventoryPageTest" name="verifyinventoryPageUrlTest" time="2.315"/>
  <system-out>
    <![CDATA[url of inventory pagehttps://www.saucedemo.com/inventory.html]]>
  </system-out>
  <testcase classname="testCases.InventoryPageTest" name="verifyfacebookLogoTest" time="2.182"/>
  <system-out>
    <![CDATA[Visibility of Facebook logo =true]]>
  </system-out>
  <testcase classname="testCases.InventoryPageTest" name="verifyTwitterLogoTest" time="2.306"/>
  <system-out>
    <![CDATA[Visibility of Twitter LOgo =true]]>
  </system-out>
  <testcase classname="testCases.InventoryPageTest" name="verifyAddToCartBtn3Test" time="2.286"/>
  <system-out/>
  <testcase classname="testCases.InventoryPageTest" name="add6ProductTest" time="2.885"/>
  <system-out>
    <![CDATA[Total Product added in Shopping Cart= 6]]>
  </system-out>
  <testcase classname="testCases.InventoryPageTest" name="verifyAppLogoTest" time="2.284"/>
  <system-out>
    <![CDATA[Visiability of app logo =true]]>
  </system-out>
  <testcase classname="testCases.InventoryPageTest" name="verifyProductSortBtnTest" time="2.370"/>
  <system-out/>
  <testcase classname="testCases.InventoryPageTest" name="verifyFooterTest" time="5.149"/>
  <system-out/>
  <testcase classname="testCases.InventoryPageTest" name="verifyAddToCartBtn1Test" time="2.477"/>
  <system-out/>
  <testcase classname="testCases.InventoryPageTest" name="burgerMenuBtnTest" time="2.322"/>
  <system-out/>
  <testcase classname="testCases.InventoryPageTest" name="verifyAddToCartBtn5Test" time="2.341"/>
  <system-out/>
  <testcase classname="testCases.InventoryPageTest" name="remove2ProductTest" time="6.915"/>
  <system-out>
    <![CDATA[Total count in cart after removing 2 product =4]]>
  </system-out>
  <testcase classname="testCases.InventoryPageTest" name="verifyAddToCartBtn6Test" time="2.446"/>
  <system-out/>
  <testcase classname="testCases.InventoryPageTest" name="verifyProductLableTest" time="2.295"/>
  <system-out>
    <![CDATA[Application Lable =Products]]>
  </system-out>
</testsuite> <!-- testCases.InventoryPageTest -->
