<?xml version="1.0" encoding="UTF-8"?>
<!-- Generated by org.testng.reporters.JUnitReportReporter -->
<testsuite hostname="Windows11" failures="0" tests="7" name="testCases.CheckoutPage2Test" time="111.421" errors="0" timestamp="2023-11-06T09:06:40 IST" skipped="0">
  <testcase classname="testCases.CheckoutPage2Test" name="verifyUrlofCheckoutPage2Test" time="8.251"/>
  <system-out>
    <![CDATA[Url Of checkout page 2=https://www.saucedemo.com/checkout-step-two.html]]>
  </system-out>
  <testcase classname="testCases.CheckoutPage2Test" name="verifycheckOutPage1TitleTest" time="6.928"/>
  <system-out>
    <![CDATA[title of checkout page 2 =Checkout: Overview]]>
  </system-out>
  <testcase classname="testCases.CheckoutPage2Test" name="verifypaymentInformationTextTest" time="66.975"/>
  <system-out>
    <![CDATA[Payment information text =Payment Information]]>
  </system-out>
  <testcase classname="testCases.CheckoutPage2Test" name="verifyshoppingInformationTextTest" time="7.651"/>
  <system-out>
    <![CDATA[Shipping Information text =Shipping Information]]>
  </system-out>
  <testcase classname="testCases.CheckoutPage2Test" name="verifypriceTotalTextTest" time="7.113"/>
  <system-out>
    <![CDATA[Price Total text =Price Total]]>
  </system-out>
  <testcase classname="testCases.CheckoutPage2Test" name="clickfinishBtnTest" time="7.172"/>
  <system-out>
    <![CDATA[url after click finish =https://www.saucedemo.com/checkout-complete.html]]>
  </system-out>
  <testcase classname="testCases.CheckoutPage2Test" name="clickcancelBtnTest" time="7.331"/>
  <system-out>
    <![CDATA[url after click cancel =https://www.saucedemo.com/inventory.html]]>
  </system-out>
</testsuite> <!-- testCases.CheckoutPage2Test -->
