<?xml version="1.0" encoding="UTF-8"?>
<!-- Generated by org.testng.reporters.JUnitReportReporter -->
<testsuite hostname="Windows11" failures="0" tests="3" name="testCases.LoginPageTest" time="12.904" errors="0" timestamp="2023-11-07T13:23:27 IST" skipped="0">
  <testcase classname="testCases.LoginPageTest" name="LoginToApplicationTest" time="6.115"/>
  <system-out/>
  <testcase classname="testCases.LoginPageTest" name="verifyURLofApplicationTest" time="3.272"/>
  <system-out/>
  <testcase classname="testCases.LoginPageTest" name="verifyTitleOfApplication" time="3.517"/>
  <system-out/>
</testsuite> <!-- testCases.LoginPageTest -->
