<?xml version="1.0" encoding="UTF-8"?>
<!-- Generated by org.testng.reporters.JUnitReportReporter -->
<testsuite hostname="Windows11" failures="0" tests="4" name="testCases.MultipleTestData" time="16.037" errors="0" timestamp="2023-11-14T16:07:21 IST" skipped="0">
  <testcase classname="testCases.MultipleTestData" name="loginWithMultipleTestDataTest" time="9.152"/>
  <system-out>
    <![CDATA[after login url=https://www.saucedemo.com/inventory.html]]>
  </system-out>
  <testcase classname="testCases.MultipleTestData" name="loginWithMultipleTestDataTest" time="2.141"/>
  <system-out>
    <![CDATA[after login url=https://www.saucedemo.com/inventory.html]]>
  </system-out>
  <testcase classname="testCases.MultipleTestData" name="loginWithMultipleTestDataTest" time="2.710"/>
  <system-out>
    <![CDATA[after login url=https://www.saucedemo.com/inventory.html]]>
  </system-out>
  <testcase classname="testCases.MultipleTestData" name="loginWithMultipleTestDataTest" time="2.034"/>
  <system-out>
    <![CDATA[after login url=https://www.saucedemo.com/inventory.html]]>
  </system-out>
</testsuite> <!-- testCases.MultipleTestData -->
