<?xml version="1.0" encoding="UTF-8"?>
<!-- Generated by org.testng.reporters.JUnitReportReporter -->
<testsuite hostname="Windows11" failures="0" tests="3" name="testCases.LoginPageTest" time="8.353" errors="0" timestamp="2023-11-18T05:13:24 IST" skipped="0">
  <testcase classname="testCases.LoginPageTest" name="LoginToApplicationTest" time="2.635"/>
  <system-out/>
  <testcase classname="testCases.LoginPageTest" name="verifyURLofApplicationTest" time="1.892"/>
  <system-out/>
  <testcase classname="testCases.LoginPageTest" name="verifyTitleOfApplication" time="3.826"/>
  <system-out/>
</testsuite> <!-- testCases.LoginPageTest -->
