<?xml version="1.0" encoding="UTF-8"?>
<!-- Generated by org.testng.reporters.JUnitReportReporter -->
<testsuite hostname="Windows11" failures="0" tests="4" name="testCases.CheckoutPage2Test" time="24.468" errors="0" timestamp="2023-10-27T00:31:18 IST" skipped="0">
  <testcase classname="testCases.CheckoutPage2Test" name="verifyUrlofCheckoutPage2Test" time="6.173"/>
  <system-out>
    <![CDATA[Url Of checkout page 2=https://www.saucedemo.com/checkout-step-two.html]]>
  </system-out>
  <testcase classname="testCases.CheckoutPage2Test" name="verifycheckOutPage1TitleTest" time="5.821"/>
  <system-out>
    <![CDATA[title of checkout page 2 =Checkout: Overview]]>
  </system-out>
  <testcase classname="testCases.CheckoutPage2Test" name="verifypaymentInformationTextTest" time="6.737"/>
  <system-out>
    <![CDATA[Payment information text =Payment Information]]>
  </system-out>
  <testcase classname="testCases.CheckoutPage2Test" name="verifyshoppingInformationTextTest" time="5.737"/>
  <system-out>
    <![CDATA[Shipping Information text =Shipping Information]]>
  </system-out>
</testsuite> <!-- testCases.CheckoutPage2Test -->
