<?xml version="1.0" encoding="UTF-8"?>
<!-- Generated by org.testng.reporters.JUnitReportReporter -->
<testsuite hostname="Windows11" failures="0" tests="7" name="testCases.CheckoutPage1Test" time="25.393" errors="0" timestamp="2023-11-15T19:45:42 IST" skipped="0">
  <testcase classname="testCases.CheckoutPage1Test" name="verifyUrlOfCheckOutPage1" time="3.684"/>
  <system-out>
    <![CDATA[Url Of checkout page 1=https://www.saucedemo.com/checkout-step-one.html]]>
  </system-out>
  <testcase classname="testCases.CheckoutPage1Test" name="clickContinueBtnTest" time="4.203"/>
  <system-out>
    <![CDATA[Url of checkout page 2=https://www.saucedemo.com/checkout-step-two.html]]>
  </system-out>
  <testcase classname="testCases.CheckoutPage1Test" name="verifycheckOutPage1TitleTest" time="3.584"/>
  <system-out>
    <![CDATA[title of checkout page 1  =Checkout: Your Information]]>
  </system-out>
  <testcase classname="testCases.CheckoutPage1Test" name="clickCancelBtnTest" time="3.592"/>
  <system-out>
    <![CDATA[url after cancel=https://www.saucedemo.com/cart.html]]>
  </system-out>
  <testcase classname="testCases.CheckoutPage1Test" name="verifyLastNameTextBoxTest" time="3.447"/>
  <system-out/>
  <testcase classname="testCases.CheckoutPage1Test" name="verifyFirstNameTextBoxTest" time="3.455"/>
  <system-out/>
  <testcase classname="testCases.CheckoutPage1Test" name="verifyPostalCodeTextBoxTest" time="3.428"/>
  <system-out/>
</testsuite> <!-- testCases.CheckoutPage1Test -->
